INFO [2023-11-29 14:03:53] Current Page: home
INFO [2023-11-29 14:03:58] Current Page: lbi
INFO [2023-11-29 14:17:12] Starting LBI computation
WARN [2023-11-29 14:17:46] Lost connection to R server
INFO [2023-11-29 14:55:05] Current Page: home
INFO [2023-11-29 14:55:12] Current Page: lbi
INFO [2023-11-29 14:56:28] Starting LBI computation
WARN [2023-11-29 14:57:18] Lost connection to R server
INFO [2023-11-29 14:57:50] Current Page: NA
INFO [2023-11-29 14:57:51] Current Page: home
INFO [2023-11-29 14:57:57] Current Page: lbi
INFO [2023-11-29 14:58:39] Starting LBI computation
INFO [2023-11-29 14:59:56] Starting LBI computation
INFO [2023-11-29 15:03:26] Starting LBI computation
INFO [2023-11-29 15:05:51] Starting LBI computation
WARN [2023-11-29 15:07:02] Lost connection to R server
INFO [2023-11-29 15:07:59] Current Page: home
INFO [2023-11-29 15:08:23] Current Page: lbi
INFO [2023-11-29 15:09:03] Starting LBI computation
WARN [2023-11-29 15:12:25] Lost connection to R server
INFO [2023-11-29 15:13:04] Current Page: NA
INFO [2023-11-29 15:13:04] Current Page: home
INFO [2023-11-29 15:13:16] Current Page: lbi
INFO [2023-11-29 15:14:13] Starting LBI computation
WARN [2023-11-29 15:15:49] Lost connection to R server
INFO [2023-11-29 15:16:13] Current Page: NA
INFO [2023-11-29 15:16:13] Current Page: home
INFO [2023-11-29 15:16:17] Current Page: lbi
INFO [2023-11-29 15:17:02] Starting LBI computation
WARN [2023-11-29 15:18:07] Lost connection to R server
INFO [2023-11-29 15:18:16] Current Page: NA
INFO [2023-11-29 15:18:16] Current Page: home
INFO [2023-11-29 15:18:20] Current Page: lbi
INFO [2023-11-29 15:19:03] Starting LBI computation
WARN [2023-11-29 15:20:20] Lost connection to R server
INFO [2023-11-29 15:20:34] Current Page: NA
INFO [2023-11-29 15:20:34] Current Page: home
INFO [2023-11-29 15:20:38] Current Page: lbi
INFO [2023-11-29 15:21:31] Starting LBI computation
WARN [2023-11-29 15:22:14] Lost connection to R server
